<?xml version="1.0" encoding="UTF-8"?>
<testsuite xmlns:xsi="http://www.w3.org/2001/XMLSchema-instance" xsi:schemaLocation="https://maven.apache.org/surefire/maven-surefire-plugin/xsd/surefire-test-report.xsd" name="GameTest" time="0.006" tests="20" errors="0" skipped="0" failures="0">
  <properties>
[...]
</properties>
  <testcase name="VertPlace1FirstForLoopIterShouldBeOOB" classname="GameTest" time="0"/>
  <testcase name="CoinIn2ShouldReturn1" classname="GameTest" time="0"/>
  <testcase name="FourNotSameCoinsHorizontalShouldntWin" classname="GameTest" time="0"/>
  <testcase name="ShouldBeAvailable" classname="GameTest" time="0"/>
  <testcase name="player" classname="GameTest" time="0"/>
  <testcase name="FirstPlayerGetsRed" classname="GameTest" time="0"/>
  <testcase name="ShouldNotBeAvailable" classname="GameTest" time="0"/>
  <testcase name="HoriPlace6SecondForLoopIterShouldBeOOB" classname="GameTest" time="0"/>
  <testcase name="testTemplate" classname="GameTest" time="0"/>
  <testcase name="VertPlace7SecondForLoopIterShouldBeOOB" classname="GameTest" time="0"/>
  <testcase name="PlacedCoins4ShouldGiveTrue" classname="GameTest" time="0"/>
  <testcase name="HoriPlace6FirstForLoopIterShouldntBeOOB" classname="GameTest" time="0"/>
  <testcase name="SecondPlayerGetsYellow" classname="GameTest" time="0"/>
  <testcase name="CoinIn6ShouldReturn5" classname="GameTest" time="0"/>
  <testcase name="VertPlace1FourthForLoopIterShouldntBeOOB" classname="GameTest" time="0"/>
  <testcase name="VertPlace7FirstForLoopIterShouldntBeOOB" classname="GameTest" time="0"/>
  <testcase name="FourSameCoinsHorizontalShouldWin" classname="GameTest" time="0.001"/>
  <testcase name="HoriPlace1FirstForLoopIterShouldBeOOB" classname="GameTest" time="0"/>
  <testcase name="HoriPlace1FourthForLoopIterShouldntBeOOB" classname="GameTest" time="0.004"/>
  <testcase name="playCoin" classname="GameTest" time="0"/>
</testsuite>